T-Spice - Tanner SPICE
Version 16.30
Network license
Product Release ID: T-Spice Win64 16.30.20150626.02:41:53
Copyright © 1988-2015 Mentor Graphics Corporation

	Parsing "H:\VNR\Semester 6\VLSI\Lab\NMOS_CHECK_D2.sp"
	Initializing parser from header file "C:\Tanner tool\tiburonda\models\VAdatabase.sp"
	Including "H:\p045\nmos_vtl_ff.inc"

Start of NMOS_CHECK_D2.sp
Loaded BSIM4v45 model library, Berkeley BSIM4 v4.5.0

General options:
        threads = 1

 Device and node counts:
              MOSFETs -       1
    MOSFET geometries -       1
      Voltage sources -       2
   Subckt Definitions -       1
     Subckt Instances -       0
    Model Definitions -       1
      Computed Models -       1
    Independent nodes -       4
       Boundary nodes -       3
          Total nodes -       7

	Opening simulation database "H:\VNR\Semester 6\VLSI\Lab\NMOS_CHECK_D2.tsim"

Parsing                      0.14 seconds
Setup                        0.10 seconds
DC operating point           0.01 seconds
DC Analysis                  0.23 seconds
Overhead                     0.44 seconds
-----------------------------------------
Total                        0.92 seconds

Simulation completed
