T-Spice - Tanner SPICE
Version 16.30
Network license
Product Release ID: T-Spice Win64 16.30.20150626.02:41:53
Copyright © 1988-2015 Mentor Graphics Corporation

	Parsing "H:\VNR\Semester 6\VLSI\Lab\fa_d2.sp"
	Initializing parser from header file "C:\Tanner tool\tiburonda\models\VAdatabase.sp"
	Including "H:\p045\p045_cmos_models_ff.inc"
	Including "H:\p045\nmos_vtl_ff.inc"
	Including "H:\p045\pmos_vtl_ff.inc"

Start of fa_d2.sp
Loaded BSIM4v45 model library, Berkeley BSIM4 v4.5.0

General options:
        threads = 1

 Device and node counts:
              MOSFETs -      42
    MOSFET geometries -       2
      Voltage sources -       4
   Subckt Definitions -       5
     Subckt Instances -       7
     Unique Instances -       4
    Model Definitions -       2
      Computed Models -       2
    Independent nodes -     189
       Boundary nodes -       5
          Total nodes -     194

	Opening simulation database "H:\VNR\Semester 6\VLSI\Lab\fa_d2.tsim"

Parsing                      0.02 seconds
Setup                        0.04 seconds
DC operating point           0.02 seconds
Transient Analysis           0.47 seconds
Overhead                     0.84 seconds
-----------------------------------------
Total                        1.39 seconds

Simulation completed
