T-Spice - Tanner SPICE
Version 16.30
Network license
Product Release ID: T-Spice Win64 16.30.20150626.02:41:53
Copyright © 1988-2015 Mentor Graphics Corporation

	Parsing "H:\VNR\Semester 6\VLSI\Lab\comp_2_d2.sp"
	Initializing parser from header file "C:\Tanner tool\tiburonda\models\VAdatabase.sp"
	Including "H:\p045\p045_cmos_models_ff.inc"
	Including "H:\p045\nmos_vtl_ff.inc"
	Including "H:\p045\pmos_vtl_ff.inc"

Start of comp_2_d2.sp
Loaded BSIM4v45 model library, Berkeley BSIM4 v4.5.0

General options:
        threads = 1

 Device and node counts:
              MOSFETs -      30
    MOSFET geometries -       2
      Voltage sources -       3
   Subckt Definitions -       4
     Subckt Instances -       6
     Unique Instances -       3
    Model Definitions -       2
      Computed Models -       2
    Independent nodes -     135
       Boundary nodes -       4
          Total nodes -     139

	Opening simulation database "H:\VNR\Semester 6\VLSI\Lab\comp_2_d2.tsim"

Parsing                      0.16 seconds
Setup                        0.11 seconds
DC operating point           0.02 seconds
Transient Analysis           0.20 seconds
Overhead                     1.04 seconds
-----------------------------------------
Total                        1.53 seconds

Simulation completed
