T-Spice - Tanner SPICE
Version 16.30
Network license
Product Release ID: T-Spice Win64 16.30.20150626.02:41:53
Copyright © 1988-2015 Mentor Graphics Corporation

	Parsing "H:\VNR\Semester 6\VLSI\Lab\xor_d2.sp"
	Initializing parser from header file "C:\Tanner tool\tiburonda\models\VAdatabase.sp"
	Including "H:\p045\p045_cmos_models_ff.inc"
	Including "H:\p045\nmos_vtl_ff.inc"
	Including "H:\p045\pmos_vtl_ff.inc"

Start of xor_d2.sp
Loaded BSIM4v45 model library, Berkeley BSIM4 v4.5.0

General options:
        threads = 1

 Device and node counts:
              MOSFETs -      12
    MOSFET geometries -       2
      Voltage sources -       3
   Subckt Definitions -       1
     Subckt Instances -       0
    Model Definitions -       2
      Computed Models -       2
    Independent nodes -      54
       Boundary nodes -       4
          Total nodes -      58

	Opening simulation database "H:\VNR\Semester 6\VLSI\Lab\xor_d2.tsim"

Parsing                      0.02 seconds
Setup                        0.04 seconds
DC operating point           0.01 seconds
Transient Analysis           0.18 seconds
Overhead                     1.02 seconds
-----------------------------------------
Total                        1.27 seconds

Simulation completed
